<?xml version="1.0" encoding="UTF-8"?>
<coverage generated="1576320952967" clover="3.2.0">
  <project timestamp="1576320952967" name="All files">
    <metrics statements="14" coveredstatements="11" conditionals="4" coveredconditionals="4" methods="4" coveredmethods="2" elements="22" coveredelements="17" complexity="0" loc="14" ncloc="14" packages="1" files="1" classes="1"/>
    <file name="index.js" path="/home/landry/Desktop/dev/projects/postcodes-tz/index.js">
      <metrics statements="14" coveredstatements="11" conditionals="4" coveredconditionals="4" methods="4" coveredmethods="2"/>
      <line num="1" count="1" type="stmt"/>
      <line num="4" count="1" type="stmt"/>
      <line num="5" count="3" type="stmt"/>
      <line num="6" count="61" type="cond" truecount="2" falsecount="0"/>
      <line num="9" count="60" type="stmt"/>
      <line num="11" count="1" type="stmt"/>
      <line num="14" count="2" type="cond" truecount="2" falsecount="0"/>
      <line num="15" count="1" type="stmt"/>
      <line num="17" count="1" type="stmt"/>
      <line num="20" count="1" type="stmt"/>
      <line num="25" count="1" type="stmt"/>
      <line num="26" count="0" type="stmt"/>
      <line num="27" count="0" type="stmt"/>
      <line num="28" count="0" type="stmt"/>
    </file>
  </project>
</coverage>
