{"/home/landry/Desktop/dev/projects/postcodes-tz/index.js": {"path":"/home/landry/Desktop/dev/projects/postcodes-tz/index.js","statementMap":{"0":{"start":{"line":1,"column":15},"end":{"line":1,"column":39}},"1":{"start":{"line":4,"column":0},"end":{"line":22,"column":2}},"2":{"start":{"line":5,"column":15},"end":{"line":13,"column":4}},"3":{"start":{"line":6,"column":4},"end":{"line":12,"column":5}},"4":{"start":{"line":9,"column":6},"end":{"line":9,"column":56}},"5":{"start":{"line":11,"column":6},"end":{"line":11,"column":77}},"6":{"start":{"line":14,"column":2},"end":{"line":21,"column":3}},"7":{"start":{"line":15,"column":19},"end":{"line":15,"column":37}},"8":{"start":{"line":17,"column":4},"end":{"line":17,"column":20}},"9":{"start":{"line":20,"column":4},"end":{"line":20,"column":21}},"10":{"start":{"line":25,"column":0},"end":{"line":30,"column":2}},"11":{"start":{"line":26,"column":15},"end":{"line":26,"column":17}},"12":{"start":{"line":27,"column":2},"end":{"line":29,"column":5}},"13":{"start":{"line":28,"column":4},"end":{"line":28,"column":56}}},"fnMap":{"0":{"name":"(anonymous_0)","decl":{"start":{"line":4,"column":22},"end":{"line":4,"column":23}},"loc":{"start":{"line":4,"column":30},"end":{"line":22,"column":1}},"line":4},"1":{"name":"(anonymous_1)","decl":{"start":{"line":5,"column":37},"end":{"line":5,"column":38}},"loc":{"start":{"line":5,"column":42},"end":{"line":13,"column":3}},"line":5},"2":{"name":"(anonymous_2)","decl":{"start":{"line":25,"column":23},"end":{"line":25,"column":24}},"loc":{"start":{"line":25,"column":29},"end":{"line":30,"column":1}},"line":25},"3":{"name":"(anonymous_3)","decl":{"start":{"line":27,"column":21},"end":{"line":27,"column":22}},"loc":{"start":{"line":27,"column":26},"end":{"line":29,"column":3}},"line":27}},"branchMap":{"0":{"loc":{"start":{"line":6,"column":4},"end":{"line":12,"column":5}},"type":"if","locations":[{"start":{"line":6,"column":4},"end":{"line":12,"column":5}},{"start":{"line":6,"column":4},"end":{"line":12,"column":5}}],"line":6},"1":{"loc":{"start":{"line":14,"column":2},"end":{"line":21,"column":3}},"type":"if","locations":[{"start":{"line":14,"column":2},"end":{"line":21,"column":3}},{"start":{"line":14,"column":2},"end":{"line":21,"column":3}}],"line":14}},"s":{"0":1,"1":1,"2":3,"3":61,"4":60,"5":1,"6":2,"7":1,"8":1,"9":1,"10":1,"11":0,"12":0,"13":0},"f":{"0":3,"1":61,"2":0,"3":0},"b":{"0":[60,1],"1":[1,1]},"_coverageSchema":"43e27e138ebf9cfc5966b082cf9a028302ed4184","hash":"a80b3429b70b408f5d1d98c5c721fe7a5897d033"}
}
